<?xml version="1.0" encoding="UTF-8"?>
<!-- Generated by org.testng.reporters.JUnitReportReporter -->
<testsuite hostname="hi" failures="0" tests="2" name="api.test.UserTest" time="0.301" errors="0" timestamp="2024-05-02T13:35:26 EDT" skipped="0">
  <testcase classname="api.test.UserTest" name="testPostUser" time="0.146"/>
  <system-out/>
  <testcase classname="api.test.UserTest" name="testGetUser" time="0.155"/>
  <system-out/>
</testsuite> <!-- api.test.UserTest -->
