<?xml version="1.0" encoding="UTF-8"?>
<!-- Generated by org.testng.reporters.JUnitReportReporter -->
<testsuite hostname="hi" failures="0" tests="2" name="api.test.UserTest" time="2.232" errors="0" timestamp="2024-05-07T17:03:30 EDT" skipped="0">
  <testcase classname="api.test.UserTest" name="testPostUser" time="2.056"/>
  <testcase classname="api.test.UserTest" name="testGetUser" time="0.176"/>
</testsuite> <!-- api.test.UserTest -->
